<?xml version="1.0" encoding="UTF-8"?>
<testng-results ignored="0" total="13" passed="12" failed="1" skipped="0">
  <reporter-output>
  </reporter-output>
  <suite started-at="2022-03-02T16:55:51 CET" name="Suite1" finished-at="2022-03-02T16:56:56 CET" duration-ms="65925">
    <groups>
    </groups>
    <test started-at="2022-03-02T16:55:51 CET" name="Nopackage" finished-at="2022-03-02T16:56:56 CET" duration-ms="65925">
      <class name="elementsTests.TestTextBox">
        <test-method is-config="true" signature="setUp()[pri:0, instance:elementsTests.TestTextBox@f8c1ddd]" started-at="2022-03-02T16:56:05 CET" name="setUp" finished-at="2022-03-02T16:56:07 CET" duration-ms="1831" status="PASS">
          <reporter-output>
          </reporter-output>
        </test-method> <!-- setUp -->
        <test-method is-config="true" signature="setUpPage()[pri:0, instance:elementsTests.TestTextBox@f8c1ddd]" started-at="2022-03-02T16:56:07 CET" name="setUpPage" finished-at="2022-03-02T16:56:13 CET" duration-ms="5749" status="PASS">
          <reporter-output>
          </reporter-output>
        </test-method> <!-- setUpPage -->
        <test-method signature="emptyCurrentAddressInput()[pri:0, instance:elementsTests.TestTextBox@f8c1ddd]" started-at="2022-03-02T16:56:13 CET" name="emptyCurrentAddressInput" finished-at="2022-03-02T16:56:14 CET" duration-ms="1135" status="PASS">
          <reporter-output>
          </reporter-output>
        </test-method> <!-- emptyCurrentAddressInput -->
        <test-method is-config="true" signature="setUpPage()[pri:0, instance:elementsTests.TestTextBox@f8c1ddd]" started-at="2022-03-02T16:56:14 CET" name="setUpPage" finished-at="2022-03-02T16:56:18 CET" duration-ms="3747" status="PASS">
          <reporter-output>
          </reporter-output>
        </test-method> <!-- setUpPage -->
        <test-method signature="emptyEmailInput()[pri:0, instance:elementsTests.TestTextBox@f8c1ddd]" started-at="2022-03-02T16:56:18 CET" name="emptyEmailInput" finished-at="2022-03-02T16:56:19 CET" duration-ms="1141" status="PASS">
          <reporter-output>
          </reporter-output>
        </test-method> <!-- emptyEmailInput -->
        <test-method is-config="true" signature="setUpPage()[pri:0, instance:elementsTests.TestTextBox@f8c1ddd]" started-at="2022-03-02T16:56:19 CET" name="setUpPage" finished-at="2022-03-02T16:56:22 CET" duration-ms="3503" status="PASS">
          <reporter-output>
          </reporter-output>
        </test-method> <!-- setUpPage -->
        <test-method signature="emptyNameInput()[pri:0, instance:elementsTests.TestTextBox@f8c1ddd]" started-at="2022-03-02T16:56:22 CET" name="emptyNameInput" finished-at="2022-03-02T16:56:23 CET" duration-ms="1081" status="PASS">
          <reporter-output>
          </reporter-output>
        </test-method> <!-- emptyNameInput -->
        <test-method is-config="true" signature="setUpPage()[pri:0, instance:elementsTests.TestTextBox@f8c1ddd]" started-at="2022-03-02T16:56:23 CET" name="setUpPage" finished-at="2022-03-02T16:56:27 CET" duration-ms="3177" status="PASS">
          <reporter-output>
          </reporter-output>
        </test-method> <!-- setUpPage -->
        <test-method signature="emptyPermanentAddressInput()[pri:0, instance:elementsTests.TestTextBox@f8c1ddd]" started-at="2022-03-02T16:56:27 CET" name="emptyPermanentAddressInput" finished-at="2022-03-02T16:56:28 CET" duration-ms="1059" status="PASS">
          <reporter-output>
          </reporter-output>
        </test-method> <!-- emptyPermanentAddressInput -->
        <test-method is-config="true" signature="setUpPage()[pri:0, instance:elementsTests.TestTextBox@f8c1ddd]" started-at="2022-03-02T16:56:28 CET" name="setUpPage" finished-at="2022-03-02T16:56:31 CET" duration-ms="3734" status="PASS">
          <reporter-output>
          </reporter-output>
        </test-method> <!-- setUpPage -->
        <test-method signature="invalidEmailAddressBorderColor()[pri:0, instance:elementsTests.TestTextBox@f8c1ddd]" started-at="2022-03-02T16:56:31 CET" name="invalidEmailAddressBorderColor" finished-at="2022-03-02T16:56:32 CET" duration-ms="956" status="FAIL">
          <exception class="java.lang.AssertionError">
            <message>
              <![CDATA[Color of field border is not correct expected [#ff0000] but found [#fe0505]]]>
            </message>
            <full-stacktrace>
              <![CDATA[java.lang.AssertionError: Color of field border is not correct expected [#ff0000] but found [#fe0505]
at org.testng.Assert.fail(Assert.java:110)
at org.testng.Assert.failNotEquals(Assert.java:1413)
at org.testng.Assert.assertEqualsImpl(Assert.java:149)
at org.testng.Assert.assertEquals(Assert.java:131)
at org.testng.Assert.assertEquals(Assert.java:655)
at elementsTests.TestTextBox.invalidEmailAddressBorderColor(TestTextBox.java:165)
at java.base/jdk.internal.reflect.NativeMethodAccessorImpl.invoke0(Native Method)
at java.base/jdk.internal.reflect.NativeMethodAccessorImpl.invoke(NativeMethodAccessorImpl.java:78)
at java.base/jdk.internal.reflect.DelegatingMethodAccessorImpl.invoke(DelegatingMethodAccessorImpl.java:43)
at java.base/java.lang.reflect.Method.invoke(Method.java:567)
at org.testng.internal.invokers.MethodInvocationHelper.invokeMethod(MethodInvocationHelper.java:135)
at org.testng.internal.invokers.TestInvoker.invokeMethod(TestInvoker.java:673)
at org.testng.internal.invokers.TestInvoker.invokeTestMethod(TestInvoker.java:220)
at org.testng.internal.invokers.MethodRunner.runInSequence(MethodRunner.java:50)
at org.testng.internal.invokers.TestInvoker$MethodInvocationAgent.invoke(TestInvoker.java:945)
at org.testng.internal.invokers.TestInvoker.invokeTestMethods(TestInvoker.java:193)
at org.testng.internal.invokers.TestMethodWorker.invokeTestMethods(TestMethodWorker.java:146)
at org.testng.internal.invokers.TestMethodWorker.run(TestMethodWorker.java:128)
at java.base/java.util.ArrayList.forEach(ArrayList.java:1511)
at org.testng.TestRunner.privateRun(TestRunner.java:808)
at org.testng.TestRunner.run(TestRunner.java:603)
at org.testng.SuiteRunner.runTest(SuiteRunner.java:429)
at org.testng.SuiteRunner.runSequentially(SuiteRunner.java:423)
at org.testng.SuiteRunner.privateRun(SuiteRunner.java:383)
at org.testng.SuiteRunner.run(SuiteRunner.java:326)
at org.testng.SuiteRunnerWorker.runSuite(SuiteRunnerWorker.java:52)
at org.testng.SuiteRunnerWorker.run(SuiteRunnerWorker.java:95)
at org.testng.TestNG.runSuitesSequentially(TestNG.java:1249)
at org.testng.TestNG.runSuitesLocally(TestNG.java:1169)
at org.testng.TestNG.runSuites(TestNG.java:1092)
at org.testng.TestNG.run(TestNG.java:1060)
at com.intellij.rt.testng.IDEARemoteTestNG.run(IDEARemoteTestNG.java:66)
at com.intellij.rt.testng.RemoteTestNGStarter.main(RemoteTestNGStarter.java:109)
]]>
            </full-stacktrace>
          </exception> <!-- java.lang.AssertionError -->
          <reporter-output>
          </reporter-output>
        </test-method> <!-- invalidEmailAddressBorderColor -->
        <test-method is-config="true" signature="setUpPage()[pri:0, instance:elementsTests.TestTextBox@f8c1ddd]" started-at="2022-03-02T16:56:32 CET" name="setUpPage" finished-at="2022-03-02T16:56:36 CET" duration-ms="3271" status="PASS">
          <reporter-output>
          </reporter-output>
        </test-method> <!-- setUpPage -->
        <test-method signature="textBoxInvalidEmailAddress()[pri:0, instance:elementsTests.TestTextBox@f8c1ddd]" started-at="2022-03-02T16:56:36 CET" name="textBoxInvalidEmailAddress" finished-at="2022-03-02T16:56:52 CET" duration-ms="15981" status="PASS">
          <reporter-output>
          </reporter-output>
        </test-method> <!-- textBoxInvalidEmailAddress -->
        <test-method is-config="true" signature="setUpPage()[pri:0, instance:elementsTests.TestTextBox@f8c1ddd]" started-at="2022-03-02T16:56:52 CET" name="setUpPage" finished-at="2022-03-02T16:56:55 CET" duration-ms="3466" status="PASS">
          <reporter-output>
          </reporter-output>
        </test-method> <!-- setUpPage -->
        <test-method signature="validData()[pri:0, instance:elementsTests.TestTextBox@f8c1ddd]" started-at="2022-03-02T16:56:55 CET" name="validData" finished-at="2022-03-02T16:56:56 CET" duration-ms="780" status="PASS">
          <reporter-output>
          </reporter-output>
        </test-method> <!-- validData -->
        <test-method is-config="true" signature="tearDown()[pri:0, instance:elementsTests.TestTextBox@f8c1ddd]" started-at="2022-03-02T16:56:56 CET" name="tearDown" finished-at="2022-03-02T16:56:56 CET" duration-ms="595" status="PASS">
          <reporter-output>
          </reporter-output>
        </test-method> <!-- tearDown -->
      </class> <!-- elementsTests.TestTextBox -->
      <class name="homePageTests.TestHomePage">
        <test-method is-config="true" signature="setUp()[pri:0, instance:homePageTests.TestHomePage@79ad8b2f]" started-at="2022-03-02T16:55:51 CET" name="setUp" finished-at="2022-03-02T16:55:55 CET" duration-ms="4153" status="PASS">
          <reporter-output>
          </reporter-output>
        </test-method> <!-- setUp -->
        <test-method is-config="true" signature="setUpPage()[pri:0, instance:homePageTests.TestHomePage@79ad8b2f]" started-at="2022-03-02T16:55:55 CET" name="setUpPage" finished-at="2022-03-02T16:55:58 CET" duration-ms="2969" status="PASS">
          <reporter-output>
          </reporter-output>
        </test-method> <!-- setUpPage -->
        <test-method signature="alertsFrameWindowsButton()[pri:0, instance:homePageTests.TestHomePage@79ad8b2f]" started-at="2022-03-02T16:55:58 CET" name="alertsFrameWindowsButton" finished-at="2022-03-02T16:55:58 CET" duration-ms="280" status="PASS">
          <reporter-output>
          </reporter-output>
        </test-method> <!-- alertsFrameWindowsButton -->
        <test-method is-config="true" signature="setUpPage()[pri:0, instance:homePageTests.TestHomePage@79ad8b2f]" started-at="2022-03-02T16:55:58 CET" name="setUpPage" finished-at="2022-03-02T16:55:59 CET" duration-ms="1067" status="PASS">
          <reporter-output>
          </reporter-output>
        </test-method> <!-- setUpPage -->
        <test-method signature="bookStoreApplicationButton()[pri:0, instance:homePageTests.TestHomePage@79ad8b2f]" started-at="2022-03-02T16:55:59 CET" name="bookStoreApplicationButton" finished-at="2022-03-02T16:56:00 CET" duration-ms="761" status="PASS">
          <reporter-output>
          </reporter-output>
        </test-method> <!-- bookStoreApplicationButton -->
        <test-method is-config="true" signature="setUpPage()[pri:0, instance:homePageTests.TestHomePage@79ad8b2f]" started-at="2022-03-02T16:56:00 CET" name="setUpPage" finished-at="2022-03-02T16:56:00 CET" duration-ms="554" status="PASS">
          <reporter-output>
          </reporter-output>
        </test-method> <!-- setUpPage -->
        <test-method signature="elementsButton()[pri:0, instance:homePageTests.TestHomePage@79ad8b2f]" started-at="2022-03-02T16:56:00 CET" name="elementsButton" finished-at="2022-03-02T16:56:01 CET" duration-ms="697" status="PASS">
          <reporter-output>
          </reporter-output>
        </test-method> <!-- elementsButton -->
        <test-method is-config="true" signature="setUpPage()[pri:0, instance:homePageTests.TestHomePage@79ad8b2f]" started-at="2022-03-02T16:56:01 CET" name="setUpPage" finished-at="2022-03-02T16:56:02 CET" duration-ms="716" status="PASS">
          <reporter-output>
          </reporter-output>
        </test-method> <!-- setUpPage -->
        <test-method signature="formsButton()[pri:0, instance:homePageTests.TestHomePage@79ad8b2f]" started-at="2022-03-02T16:56:02 CET" name="formsButton" finished-at="2022-03-02T16:56:02 CET" duration-ms="654" status="PASS">
          <reporter-output>
          </reporter-output>
        </test-method> <!-- formsButton -->
        <test-method is-config="true" signature="setUpPage()[pri:0, instance:homePageTests.TestHomePage@79ad8b2f]" started-at="2022-03-02T16:56:02 CET" name="setUpPage" finished-at="2022-03-02T16:56:03 CET" duration-ms="507" status="PASS">
          <reporter-output>
          </reporter-output>
        </test-method> <!-- setUpPage -->
        <test-method signature="interactionsButton()[pri:0, instance:homePageTests.TestHomePage@79ad8b2f]" started-at="2022-03-02T16:56:03 CET" name="interactionsButton" finished-at="2022-03-02T16:56:04 CET" duration-ms="543" status="PASS">
          <reporter-output>
          </reporter-output>
        </test-method> <!-- interactionsButton -->
        <test-method is-config="true" signature="setUpPage()[pri:0, instance:homePageTests.TestHomePage@79ad8b2f]" started-at="2022-03-02T16:56:04 CET" name="setUpPage" finished-at="2022-03-02T16:56:04 CET" duration-ms="643" status="PASS">
          <reporter-output>
          </reporter-output>
        </test-method> <!-- setUpPage -->
        <test-method signature="widgetsButton()[pri:0, instance:homePageTests.TestHomePage@79ad8b2f]" started-at="2022-03-02T16:56:04 CET" name="widgetsButton" finished-at="2022-03-02T16:56:05 CET" duration-ms="614" status="PASS">
          <reporter-output>
          </reporter-output>
        </test-method> <!-- widgetsButton -->
        <test-method is-config="true" signature="tearDown()[pri:0, instance:homePageTests.TestHomePage@79ad8b2f]" started-at="2022-03-02T16:56:05 CET" name="tearDown" finished-at="2022-03-02T16:56:05 CET" duration-ms="468" status="PASS">
          <reporter-output>
          </reporter-output>
        </test-method> <!-- tearDown -->
      </class> <!-- homePageTests.TestHomePage -->
    </test> <!-- Nopackage -->
  </suite> <!-- Suite1 -->
</testng-results>
