<?xml version="1.0" encoding="UTF-8"?>
<!-- Generated by org.testng.reporters.JUnitXMLReporter -->
<testsuite ignored="7" hostname="DESKTOP-08MK2PB" failures="0" tests="0" time="0.022" errors="0" timestamp="2022-03-02T16:55:38 CET">
  <testcase classname="elementsTests.TestTextBox" name="textBoxInvalidEmailAddress" time="0.0">
    <ignored/>
  </testcase> <!-- textBoxInvalidEmailAddress -->
  <testcase classname="elementsTests.TestTextBox" name="emptyPermanentAddressInput" time="0.0">
    <ignored/>
  </testcase> <!-- emptyPermanentAddressInput -->
  <testcase classname="elementsTests.TestTextBox" name="emptyNameInput" time="0.0">
    <ignored/>
  </testcase> <!-- emptyNameInput -->
  <testcase classname="elementsTests.TestTextBox" name="emptyCurrentAddressInput" time="0.0">
    <ignored/>
  </testcase> <!-- emptyCurrentAddressInput -->
  <testcase classname="elementsTests.TestTextBox" name="validData" time="0.0">
    <ignored/>
  </testcase> <!-- validData -->
  <testcase classname="elementsTests.TestTextBox" name="emptyEmailInput" time="0.0">
    <ignored/>
  </testcase> <!-- emptyEmailInput -->
  <testcase classname="elementsTests.TestTextBox" name="invalidEmailAddressBorderColor" time="0.0">
    <ignored/>
  </testcase> <!-- invalidEmailAddressBorderColor -->
</testsuite>
