<?xml version="1.0" encoding="UTF-8"?>
<!-- Generated by org.testng.reporters.JUnitXMLReporter -->
<testsuite ignored="6" hostname="DESKTOP-08MK2PB" failures="1" tests="1" name="Project2" time="11.324" errors="0" timestamp="2022-02-07T02:18:29 CET">
  <testcase classname="elementsTests.TestTextBox" name="textBoxInvalidEmailAddressBorderColor" time="1.05">
    <failure type="java.lang.AssertionError" message="Color of field border is not correct expected [true] but found [false]">
      <![CDATA[java.lang.AssertionError: Color of field border is not correct expected [true] but found [false]
at elementsTests.TestTextBox.textBoxInvalidEmailAddressBorderColor(TestTextBox.java:118)
at java.base/java.util.ArrayList.forEach(ArrayList.java:1511)
at com.intellij.rt.testng.IDEARemoteTestNG.run(IDEARemoteTestNG.java:66)
at com.intellij.rt.testng.RemoteTestNGStarter.main(RemoteTestNGStarter.java:109)
... Removed 27 stack frames]]>
    </failure>
  </testcase> <!-- textBoxInvalidEmailAddressBorderColor -->
  <testcase classname="elementsTests.TestTextBox" name="textBoxInvalidEmailAddress" time="0.0">
    <ignored/>
  </testcase> <!-- textBoxInvalidEmailAddress -->
  <testcase classname="elementsTests.TestTextBox" name="textBoxEmptyNameInput" time="0.0">
    <ignored/>
  </testcase> <!-- textBoxEmptyNameInput -->
  <testcase classname="elementsTests.TestTextBox" name="textBoxEmptyCurrentAddressInput" time="0.0">
    <ignored/>
  </testcase> <!-- textBoxEmptyCurrentAddressInput -->
  <testcase classname="elementsTests.TestTextBox" name="textBoxValidData" time="0.0">
    <ignored/>
  </testcase> <!-- textBoxValidData -->
  <testcase classname="elementsTests.TestTextBox" name="textBoxEmptyPermanentAddressInput" time="0.0">
    <ignored/>
  </testcase> <!-- textBoxEmptyPermanentAddressInput -->
  <testcase classname="elementsTests.TestTextBox" name="textBoxEmptyEmailInput" time="0.0">
    <ignored/>
  </testcase> <!-- textBoxEmptyEmailInput -->
</testsuite> <!-- Project2 -->
