<?xml version="1.0" encoding="UTF-8"?>
<!-- Generated by org.testng.reporters.JUnitXMLReporter -->
<testsuite ignored="0" hostname="DESKTOP-08MK2PB" failures="1" tests="13" name="Nopackage" time="65.925" errors="0" timestamp="2022-03-02T16:56:56 CET">
  <testcase classname="homePageTests.TestHomePage" name="alertsFrameWindowsButton" time="0.28"/>
  <testcase classname="homePageTests.TestHomePage" name="bookStoreApplicationButton" time="0.761"/>
  <testcase classname="homePageTests.TestHomePage" name="elementsButton" time="0.697"/>
  <testcase classname="homePageTests.TestHomePage" name="formsButton" time="0.654"/>
  <testcase classname="homePageTests.TestHomePage" name="interactionsButton" time="0.543"/>
  <testcase classname="homePageTests.TestHomePage" name="widgetsButton" time="0.614"/>
  <testcase classname="elementsTests.TestTextBox" name="emptyCurrentAddressInput" time="1.135"/>
  <testcase classname="elementsTests.TestTextBox" name="emptyEmailInput" time="1.141"/>
  <testcase classname="elementsTests.TestTextBox" name="emptyNameInput" time="1.081"/>
  <testcase classname="elementsTests.TestTextBox" name="emptyPermanentAddressInput" time="1.059"/>
  <testcase classname="elementsTests.TestTextBox" name="invalidEmailAddressBorderColor" time="0.956">
    <failure type="java.lang.AssertionError" message="Color of field border is not correct expected [#ff0000] but found [#fe0505]">
      <![CDATA[java.lang.AssertionError: Color of field border is not correct expected [#ff0000] but found [#fe0505]
at elementsTests.TestTextBox.invalidEmailAddressBorderColor(TestTextBox.java:165)
at java.base/java.util.ArrayList.forEach(ArrayList.java:1511)
at com.intellij.rt.testng.IDEARemoteTestNG.run(IDEARemoteTestNG.java:66)
at com.intellij.rt.testng.RemoteTestNGStarter.main(RemoteTestNGStarter.java:109)
... Removed 29 stack frames]]>
    </failure>
  </testcase> <!-- invalidEmailAddressBorderColor -->
  <testcase classname="elementsTests.TestTextBox" name="textBoxInvalidEmailAddress" time="15.981"/>
  <testcase classname="elementsTests.TestTextBox" name="validData" time="0.78"/>
</testsuite> <!-- Nopackage -->
